<?xml version="1.0" encoding="UTF-8"?>
<testExecutions version="1">
  <file path="/Users/kapoliub/Desktop/horondi/horondi_client_fe/src/redux/cart/tests/cart.sagas.test.js">
    <testCase name="Cart saga fetching cart items from local storage and set to redux store" duration="1"/>
    <testCase name="Cart saga fetching cart items from local storage and add new one" duration="0"/>
    <testCase name="Cart saga if product already in cart nothing changes" duration="0"/>
    <testCase name="Cart saga should to remove product from cart by id" duration="0"/>
    <testCase name="Cart saga also checks the size of products before removal" duration="0"/>
  </file>
  <file path="/Users/kapoliub/Desktop/horondi/horondi_client_fe/src/redux/user/tests/user.sagas.test.js">
    <testCase name="Categories saga fetches user" duration="22"/>
    <testCase name="Categories saga handles errors" duration="0"/>
  </file>
  <file path="/Users/kapoliub/Desktop/horondi/horondi_client_fe/src/redux/products/tests/products.saga.test.js">
    <testCase name="Products saga fetches product" duration="1"/>
    <testCase name="Products saga handles product fetching error" duration="0"/>
  </file>
  <file path="/Users/kapoliub/Desktop/horondi/horondi_client_fe/src/redux/checkout/tests/checkout.reducer.test.js">
    <testCase name="Checkout reducer tests should return default state" duration="14"/>
    <testCase name="Checkout reducer tests should set loading to true" duration="1"/>
    <testCase name="Checkout reducer tests should set array of cities" duration="1"/>
    <testCase name="Checkout reducer tests should set array of streets" duration="0"/>
    <testCase name="Checkout reducer tests should set warehouses" duration="1"/>
    <testCase name="Checkout reducer tests should set prices" duration="0"/>
  </file>
  <file path="/Users/kapoliub/Desktop/horondi/horondi_client_fe/src/redux/theme/test/theme.reducer.test.js">
    <testCase name="theme reducer test should return object" duration="2"/>
    <testCase name="theme reducer test should to be truthy" duration="0"/>
    <testCase name="theme reducer test value by key &quot;lightMode&quot; of returned state should to be true" duration="1"/>
    <testCase name="theme reducer test value by key &quot;lightMode&quot; of returned state should to be false" duration="0"/>
    <testCase name="theme reducer test value by key &quot;lightMode&quot; of returned state should to be equal to initial state" duration="0"/>
    <testCase name="theme reducer test should set filter menu status to true" duration="1"/>
  </file>
  <file path="/Users/kapoliub/Desktop/horondi/horondi_client_fe/src/redux/news/tests/news.saga.test.js">
    <testCase name="get news saga fetches news" duration="0"/>
    <testCase name="handles errors" duration="0"/>
    <testCase name="get article saga fetches article" duration="8"/>
    <testCase name="get article saga handles errors" duration="0"/>
  </file>
  <file path="/Users/kapoliub/Desktop/horondi/horondi_client_fe/src/redux/news/tests/news.reducer.test.js">
    <testCase name="News reducer test should return default state" duration="1"/>
    <testCase name="News reducer test should return state with news" duration="0"/>
    <testCase name="News reducer test should return state with activeArticle" duration="0"/>
    <testCase name="News reducer test should set loading to false" duration="0"/>
    <testCase name="News reducer test should set loading to false" duration="1"/>
  </file>
  <file path="/Users/kapoliub/Desktop/horondi/horondi_client_fe/src/redux/wishlist/tests/wishlist.sagas.test.js">
    <testCase name="Wishlist saga fetching wishlist items from local storage and set to redux store" duration="1"/>
    <testCase name="Wishlist saga fetching cart items from local storage and add new one" duration="23"/>
    <testCase name="Wishlist saga should to remove product from cart by id" duration="0"/>
  </file>
  <file path="/Users/kapoliub/Desktop/horondi/horondi_client_fe/src/redux/categories/tests/categories.sagas.test.js">
    <testCase name="Categories saga fetches categories" duration="34"/>
    <testCase name="Categories saga handles errors" duration="0"/>
  </file>
  <file path="/Users/kapoliub/Desktop/horondi/horondi_client_fe/src/redux/checkout/tests/checkout.sagas.test.js">
    <testCase name="sagas test should not throw error" duration="1"/>
    <testCase name="sagas test fetch cities" duration="39"/>
    <testCase name="sagas test fetch streets" duration="2"/>
    <testCase name="sagas test fetch prices" duration="2"/>
    <testCase name="sagas test fetch warehouses" duration="2"/>
  </file>
  <file path="/Users/kapoliub/Desktop/horondi/horondi_client_fe/src/redux/comments/tests/comments.sagas.test.js">
    <testCase name="Add comments saga should add comment" duration="0"/>
    <testCase name="Add comments saga should throw an error" duration="3"/>
    <testCase name="Delete comments saga should delete comment" duration="1"/>
    <testCase name="Delete comments saga should throw an error" duration="0"/>
    <testCase name="Update comments saga should update comment" duration="0"/>
  </file>
  <file path="/Users/kapoliub/Desktop/horondi/horondi_client_fe/src/redux/products/tests/products.actions.test.js">
    <testCase name="Filter actions test should set all products to payload property" duration="0"/>
    <testCase name="Filter actions test should set all filter data to payload property" duration="1"/>
    <testCase name="Filter actions test should set hot items filter to payload property" duration="0"/>
    <testCase name="Filter actions test should set category filter to payload property" duration="0"/>
    <testCase name="Filter actions test should set colors filter to payload property" duration="1"/>
    <testCase name="Filter actions test should set patterns filter to payload property" duration="0"/>
    <testCase name="Filter actions test should set search to payload property" duration="0"/>
    <testCase name="Filter actions test should set price to payload property" duration="1"/>
    <testCase name="Filter actions test should return all products" duration="0"/>
    <testCase name="loading action should return loading = true" duration="0"/>
    <testCase name="loading action should return loading = false" duration="0"/>
    <testCase name="loading action should return current page payload = 5" duration="1"/>
    <testCase name="loading action should return sort by price payload = -1" duration="0"/>
    <testCase name="loading action should return sort by rate payload = -1" duration="0"/>
    <testCase name="loading action should return sort by popularity payload = 1" duration="0"/>
    <testCase name="loading action should set pages count" duration="1"/>
    <testCase name="Product actions test should set new product to payload property" duration="0"/>
    <testCase name="Product actions test should return object with type GET_PRODUCT and product id" duration="0"/>
    <testCase name="Product actions test should return loading = true" duration="0"/>
    <testCase name="Product actions test should return loading = false" duration="1"/>
    <testCase name="Product actions test should return filter status = true" duration="0"/>
    <testCase name="Product actions test should return filter status = false" duration="0"/>
  </file>
  <file path="/Users/kapoliub/Desktop/horondi/horondi_client_fe/src/redux/business-pages/tests/business-pages.sagas.test.js">
    <testCase name="Business pages sagas tests fetches business page by code" duration="94"/>
    <testCase name="Business pages sagas tests handles errors" duration="0"/>
  </file>
  <file path="/Users/kapoliub/Desktop/horondi/horondi_client_fe/src/redux/cart/tests/cart.reducer.test.js">
    <testCase name="cart reducer test should return object" duration="2"/>
    <testCase name="cart reducer test should to be truthy" duration="4"/>
    <testCase name="cart reducer test length of new state should be equal to 1" duration="0"/>
    <testCase name="cart reducer test length of new state should be equal to 0" duration="1"/>
    <testCase name="cart reducer test value by key &quot;lightMode&quot; of returned state should to be equal to initial state" duration="0"/>
  </file>
  <file path="/Users/kapoliub/Desktop/horondi/horondi_client_fe/src/redux/error/tests/error.reducer.test.js">
    <testCase name="Error reducer test should return default state" duration="1"/>
    <testCase name="Error reducer test should return state with new error" duration="0"/>
  </file>
  <file path="/Users/kapoliub/Desktop/horondi/horondi_client_fe/src/redux/checkout/tests/checkout.actions.test.js">
    <testCase name="setStreets action test should return object" duration="3"/>
    <testCase name="setStreets action test should to be truthy" duration="0"/>
    <testCase name="setStreets action test value by key &quot;type&quot; of returned object should to be equal to &quot;GET_NOVAPOSHTA_STREETS&quot;" duration="0"/>
    <testCase name="setStreets action test value by key &quot;payload.name&quot; of returned object should to be &quot;Івана Франка&quot;" duration="1"/>
    <testCase name="setStreets action test value by key &quot;payload.street&quot; of returned object should to be &quot;Івана Франка&quot;" duration="0"/>
    <testCase name="get streets from NovaPoshta API should return object" duration="0"/>
    <testCase name="get streets from NovaPoshta API should return object with two key/value &quot;type: GET_NOVAPOSHTA_STREETS&quot;" duration="1"/>
    <testCase name="get streets from NovaPoshta API should to be truthy" duration="0"/>
    <testCase name="get streets from NovaPoshta API value by key &quot;type&quot; of returned object should to be equal to &quot;GET_NOVAPOSHTA_STREETS&quot;" duration="0"/>
    <testCase name="setCities action test should return object" duration="0"/>
    <testCase name="setCities action test should to be truthy" duration="1"/>
    <testCase name="setCities action test value by key &quot;type&quot; of returned object should to be equal to &quot;SET_NOVAPOSHTA_CITIES&quot;" duration="0"/>
    <testCase name="setCities action test value by key &quot;payload.name&quot; of returned object should to be &quot;Абрикосівка&quot;" duration="0"/>
    <testCase name="setCities action test value by key &quot;payload.ref&quot; of returned object should to be &quot;6dbe932e-1aad-11ea-8c15-0025b502a06e&quot;" duration="0"/>
    <testCase name="get cities from NovaPoshta API should return object" duration="1"/>
    <testCase name="get cities from NovaPoshta API should return object with two key/value &quot;type: GET_NOVAPOSHTA_CITIES&quot;" duration="21"/>
    <testCase name="get cities from NovaPoshta API should to be truthy" duration="0"/>
    <testCase name="get cities from NovaPoshta API value by key &quot;type&quot; of returned object should to be equal to &quot;GET_NOVAPOSHTA_CITIES&quot;" duration="0"/>
    <testCase name="setWarehouses action test should return object" duration="0"/>
    <testCase name="setWarehouses action test should to be truthy" duration="0"/>
    <testCase name="setWarehouses action test value by key &quot;type&quot; of returned object should to be equal to &quot;SET_NOVAPOSHTA_WAREHOUSES&quot;" duration="0"/>
    <testCase name="setWarehouses action test value by key &quot;payload.name&quot; of returned object should to be &quot;Абрикосівка&quot;" duration="0"/>
    <testCase name="setWarehouses action test value by key &quot;payload[0].ref&quot; of returned object should to be &quot;4ecddea5-1986-11e5-add9-005056887b8d&quot;" duration="1"/>
    <testCase name="get warehouses from NovaPoshta API should return object" duration="1"/>
    <testCase name="get warehouses from NovaPoshta API should return object with two key/value &quot;type: GET_NOVAPOSHTA_WAREHOUSES&quot;" duration="0"/>
    <testCase name="get warehouses from NovaPoshta API should to be truthy" duration="0"/>
    <testCase name="get warehouses from NovaPoshta API value by key &quot;type&quot; of returned object should to be equal to &quot;GET_NOVAPOSHTA_WAREHOUSES&quot;" duration="10"/>
    <testCase name="setPrices action test should return object" duration="1"/>
    <testCase name="setPrices action test should to be truthy" duration="0"/>
    <testCase name="setPrices action test value by key &quot;type&quot; of returned object should to be equal to &quot;SET_NOVAPOSHTA_PRICES&quot;" duration="0"/>
    <testCase name="setPrices action test value by key &quot;payload.cost&quot; of returned object should to be &quot;68&quot;" duration="0"/>
    <testCase name="setPrices action test value by key &quot;payload.assessedCost&quot; of returned object should to be &quot;3600&quot;" duration="0"/>
    <testCase name="get prices from NovaPoshta API should return object" duration="1"/>
    <testCase name="get prices from NovaPoshta API should return object with two key/value &quot;type: GET_NOVAPOSHTA_PRICES&quot;" duration="0"/>
    <testCase name="get prices from NovaPoshta API should to be truthy" duration="0"/>
    <testCase name="get prices from NovaPoshta API value by key &quot;type&quot; of returned object should to be equal to &quot;GET_NOVAPOSHTA_PRICES&quot;" duration="0"/>
  </file>
  <file path="/Users/kapoliub/Desktop/horondi/horondi_client_fe/src/redux/business-pages/tests/business-pages.reducer.test.js">
    <testCase name="Business pages reducer tests should return default state" duration="0"/>
    <testCase name="Business pages reducer tests should return state with new page" duration="1"/>
    <testCase name="Business pages reducer tests should set loading to true" duration="0"/>
  </file>
  <file path="/Users/kapoliub/Desktop/horondi/horondi_client_fe/src/redux/products/tests/products.reducer.test.js">
    <testCase name="Product reducer test should return default state" duration="1"/>
    <testCase name="Product reducer test should return state with products" duration="0"/>
    <testCase name="Product reducer test should return state with filter data" duration="1"/>
    <testCase name="Product reducer test should return state with models filter" duration="0"/>
    <testCase name="Product reducer test should return state with hot item true" duration="1"/>
    <testCase name="Product reducer test should return state with category filter" duration="0"/>
    <testCase name="Product reducer test should return state with colors filter" duration="0"/>
    <testCase name="Product reducer test should return state with patterns filter" duration="1"/>
    <testCase name="Product reducer test should return state with search filter" duration="0"/>
    <testCase name="Product reducer test should return state with price filter" duration="1"/>
    <testCase name="Product reducer test should set loading to false" duration="0"/>
    <testCase name="Product reducer test should set pages count to 10" duration="0"/>
    <testCase name="Product reducer test should set current page to 4" duration="1"/>
    <testCase name="Product reducer test should set s0rt by price to 1" duration="0"/>
    <testCase name="Product reducer test should set s0rt by rate to 1" duration="0"/>
    <testCase name="Product reducer test should set s0rt by popularity to -1" duration="1"/>
    <testCase name="Product reducer test products per page in store should be set to 18" duration="0"/>
    <testCase name="Product reducer test should return state with new product" duration="0"/>
    <testCase name="Product reducer test should set product loading to false" duration="1"/>
    <testCase name="Product reducer test should set loading to true" duration="0"/>
    <testCase name="Product reducer test should set filter status to true" duration="0"/>
  </file>
  <file path="/Users/kapoliub/Desktop/horondi/horondi_client_fe/src/redux/categories/tests/categories.reducer.test.js">
    <testCase name="Categories reducer test should return default state" duration="1"/>
    <testCase name="Categories reducer test should return state with new categories" duration="0"/>
    <testCase name="Categories reducer test should set loading to false" duration="1"/>
  </file>
  <file path="/Users/kapoliub/Desktop/horondi/horondi_client_fe/src/redux/wishlist/tests/wishlist.reducer.test.js">
    <testCase name="cart reducer test should return object" duration="1"/>
    <testCase name="cart reducer test should to be truthy" duration="1"/>
    <testCase name="cart reducer test length of new state should be equal to 1" duration="0"/>
    <testCase name="cart reducer test length of new state should be equal to 0" duration="0"/>
    <testCase name="cart reducer test value by key &quot;list&quot; of returned state should to be equal to initial state" duration="1"/>
  </file>
  <file path="/Users/kapoliub/Desktop/horondi/horondi_client_fe/src/redux/chat/tests/chat.sagas.test.js">
    <testCase name="sagas test should not throw error" duration="1"/>
    <testCase name="sagas test send message" duration="3"/>
  </file>
  <file path="/Users/kapoliub/Desktop/horondi/horondi_client_fe/src/redux/currency/test/currency.reducer.test.js">
    <testCase name="test currency reducer should return default state" duration="2"/>
    <testCase name="test currency reducer should change currency" duration="15"/>
  </file>
  <file path="/Users/kapoliub/Desktop/horondi/horondi_client_fe/src/redux/cart/tests/cart.actions.test.js">
    <testCase name="setCart action test should return object" duration="1"/>
    <testCase name="setCart action test should to be truthy" duration="0"/>
    <testCase name="setCart action test value by key &quot;type&quot; of returned object should to be equal to &quot;SET_CART&quot;" duration="0"/>
    <testCase name="setCart action test value by key &quot;payload.name&quot; of returned object should to be &quot;Garbyz&quot;" duration="1"/>
    <testCase name="setCart action test value by key &quot;payload.name&quot; of returned object should to be &quot;Horondi&quot;" duration="0"/>
    <testCase name="get items from cart should return object" duration="0"/>
    <testCase name="get items from cart should return object with one key/value &quot;type: GET_CART&quot;" duration="1"/>
    <testCase name="get items from cart should to be truthy" duration="0"/>
    <testCase name="get items from cart value by key &quot;type&quot; of returned object should to be equal to &quot;GET_CART&quot;" duration="0"/>
  </file>
  <file path="/Users/kapoliub/Desktop/horondi/horondi_client_fe/src/redux/user/tests/user.reducer.test.js">
    <testCase name="test language reducer should return initial states state" duration="0"/>
    <testCase name="test language reducer should set user" duration="0"/>
    <testCase name="test language reducer should set error to true" duration="1"/>
    <testCase name="test language reducer should logout user" duration="0"/>
    <testCase name="test language reducer should user loading" duration="1"/>
  </file>
  <file path="/Users/kapoliub/Desktop/horondi/horondi_client_fe/src/redux/business-pages/tests/business-pages.actions.test.js">
    <testCase name="Business pages actions test should set new business page to payload property and edit code to &quot;newPageCode&quot;" duration="1"/>
    <testCase name="Business pages actions test Should set business page loading to true" duration="0"/>
    <testCase name="Business pages actions test should return object with type GET_BUSINESS_PAGE_BY_CODE" duration="0"/>
  </file>
  <file path="/Users/kapoliub/Desktop/horondi/horondi_client_fe/src/redux/categories/tests/categories.actions.test.js">
    <testCase name="Categories actions test should set new categories to payload property" duration="0"/>
    <testCase name="Categories actions test should return object with type GET_CATEGORIES" duration="1"/>
  </file>
  <file path="/Users/kapoliub/Desktop/horondi/horondi_client_fe/src/redux/language/test/language.reducer.test.js">
    <testCase name="test language reducer should return default state" duration="8"/>
    <testCase name="test language reducer should change language" duration="0"/>
  </file>
  <file path="/Users/kapoliub/Desktop/horondi/horondi_client_fe/src/redux/language/test/language.actions.test.js">
    <testCase name="test action should return payload = 1" duration="0"/>
  </file>
  <file path="/Users/kapoliub/Desktop/horondi/horondi_client_fe/src/redux/chat/tests/chat.reducer.test.js">
    <testCase name="Chat reducer tests should return default state" duration="1"/>
    <testCase name="Chat reducer tests should set loading to true" duration="0"/>
    <testCase name="Chat reducer tests should set state of sent message" duration="0"/>
  </file>
  <file path="/Users/kapoliub/Desktop/horondi/horondi_client_fe/src/redux/user/tests/user.actions.test.js">
    <testCase name="test action should set error to false" duration="1"/>
    <testCase name="test action should set user" duration="0"/>
  </file>
  <file path="/Users/kapoliub/Desktop/horondi/horondi_client_fe/src/redux/wishlist/tests/wishlist.actions.test.js">
    <testCase name="setWishlist action test should return object" duration="1"/>
    <testCase name="setWishlist action test should to be truthy" duration="2"/>
    <testCase name="setWishlist action test value by key &quot;type&quot; of returned object should to be equal to &quot;SET_WISHLIST&quot;" duration="0"/>
    <testCase name="setWishlist action test value by key &quot;payload.name&quot; of returned object should to be &quot;Lemon&quot;" duration="0"/>
    <testCase name="setWishlist action test value by key &quot;payload.name&quot; of returned object should to be &quot;Horondi&quot;" duration="0"/>
    <testCase name="get items from cart should return object" duration="1"/>
    <testCase name="get items from cart should return object with one key/value &quot;type: GET_WISHLIST&quot;" duration="0"/>
    <testCase name="get items from cart should to be truthy" duration="0"/>
    <testCase name="get items from cart value by key &quot;type&quot; of returned object should to be equal to &quot;GET_WISHLIST&quot;" duration="0"/>
  </file>
  <file path="/Users/kapoliub/Desktop/horondi/horondi_client_fe/src/redux/news/tests/news.actions.test.js">
    <testCase name="News actions test should set all news to payload property" duration="0"/>
    <testCase name="News actions test should return all news" duration="1"/>
    <testCase name="NewsDetail actions test should set article to payload property" duration="0"/>
    <testCase name="NewsDetail actions test should return one Article" duration="0"/>
    <testCase name="loading action should return loading = true" duration="0"/>
    <testCase name="loading action should return loading = false" duration="1"/>
  </file>
  <file path="/Users/kapoliub/Desktop/horondi/horondi_client_fe/src/redux/chat/tests/chat.action.test.js">
    <testCase name="setMessageState action test should return object" duration="0"/>
    <testCase name="setMessageState action test should to be truthy" duration="1"/>
    <testCase name="setMessageState action test value by key &quot;type&quot; of returned object should to be equal to &quot;SET_MESSAGE_STATE&quot;" duration="0"/>
    <testCase name="setMessageState action test value by key &quot;payload.name&quot; of returned object should to be true" duration="0"/>
    <testCase name="sendEmail action test should return object" duration="1"/>
    <testCase name="sendEmail action test should to be truthy" duration="0"/>
    <testCase name="sendEmail action test value by key &quot;type&quot; of returned object should to be equal to &quot;SEND_CHAT_MAIL&quot;" duration="0"/>
    <testCase name="sendEmail action test value by key &quot;payload.name&quot; of returned object should to be true" duration="0"/>
  </file>
  <file path="/Users/kapoliub/Desktop/horondi/horondi_client_fe/src/redux/comments/tests/comments.reducer.test.js">
    <testCase name="comments reducer should set comments loading to true" duration="1"/>
    <testCase name="comments reducer should set updating comment to state" duration="0"/>
    <testCase name="comments reducer should set rate to state" duration="1"/>
    <testCase name="comments reducer should set comments to state" duration="0"/>
  </file>
  <file path="/Users/kapoliub/Desktop/horondi/horondi_client_fe/src/redux/currency/test/currency.actions.test.js">
    <testCase name="test action should return payload = 1" duration="1"/>
  </file>
  <file path="/Users/kapoliub/Desktop/horondi/horondi_client_fe/src/redux/comments/tests/comments.actions.test.js">
    <testCase name="comments actions tests should set rate to payload" duration="1"/>
    <testCase name="comments actions tests should set comment to payload" duration="0"/>
    <testCase name="comments actions tests should set comment to add to payload" duration="1"/>
    <testCase name="comments actions tests should set comment to delete to payload" duration="0"/>
    <testCase name="comments actions tests should set comment to delete to payload" duration="0"/>
    <testCase name="comments actions tests should set comments loading" duration="0"/>
    <testCase name="comments actions tests should set updating comment" duration="1"/>
  </file>
  <file path="/Users/kapoliub/Desktop/horondi/horondi_client_fe/src/redux/error/tests/error.actions.test.js">
    <testCase name="Error actions test should set new error to payload property" duration="0"/>
  </file>
  <file path="/Users/kapoliub/Desktop/horondi/horondi_client_fe/src/redux/model/tests/model.reducer.test.js">
    <testCase name="Model reducer tests Should return default state" duration="1"/>
    <testCase name="Model reducer tests Should return state with models" duration="0"/>
  </file>
  <file path="/Users/kapoliub/Desktop/horondi/horondi_client_fe/src/redux/model/tests/model.actions.test.js">
    <testCase name="Model actions test Should set models data" duration="0"/>
    <testCase name="Model actions test Should set category data" duration="1"/>
  </file>
  <file path="/Users/kapoliub/Desktop/horondi/horondi_client_fe/src/redux/theme/test/theme.actions.test.js">
    <testCase name="theme actions test should return object" duration="0"/>
    <testCase name="theme actions test should to be truthy" duration="0"/>
    <testCase name="theme actions test value by key &quot;type&quot; of returned object should to be equal to &quot;SET_THEME_MODE&quot;" duration="1"/>
    <testCase name="theme actions test value by key &quot;payload&quot; of returned object should to be true" duration="0"/>
    <testCase name="theme actions test value by key &quot;payload&quot; of returned object should to be false" duration="0"/>
    <testCase name="theme actions test should return filter menu status = true" duration="0"/>
    <testCase name="theme actions test should return filter menu status = false" duration="1"/>
  </file>
</testExecutions>