<?xml version="1.0" encoding="UTF-8"?>
<testExecutions version="1">
  <file path="/Users/nikitadenysenko/Development/SoftServe/Horondi/horondi_client_fe/src/redux/categories/tests/categories.sagas.test.js">
    <testCase name="Categories saga fetches categories" duration="11"/>
    <testCase name="Categories saga handles errors" duration="0"/>
  </file>
</testExecutions>