<?xml version="1.0" encoding="UTF-8"?>
<testExecutions version="1">
  <file path="/Users/olenashchadylo/Desktop/horondi/horondi_client_fe/src/redux/toast/tests/toasts.reducer.test.js">
    <testCase name="toasts reducer tests should return default state" duration="3"/>
    <testCase name="toasts reducer tests should return default state" duration="0"/>
    <testCase name="toasts reducer tests should set settings to store" duration="1"/>
  </file>
</testExecutions>